[2019-07-03 17:38:04] <--- ConfigMgr Client Health Check starting --->
Hostname: W16ASCCMDB01
Operatingsystem: Microsoft Windows Server 2016 Datacenter
Architecture: 64-Bit
Build: 14393.3053.amd64fre.rs1_release_inmarket.190612-1836
Model: VMware Virtual Platform
InstallDate: 2018-06-07 15:21:43
OSUpdates: 2019-06-23 19:25:16
LastLoggedOnUser: UTSHARE\sy1000829946
ClientVersion: 5.00.8790.1007
PSVersion: 5.1
PSBuild: 14393
Sitecode: DFW
Domain: utshare.local
MaxLogSize: 0
MaxLogHistory: 0
CacheSize: 10240
Certificate: 
ProvisioningMode: OK
DNS: Unknown
PendingReboot: OK
LastBootTime: 2019-07-03 11:49:59
OSDiskFreeSpace: 25.1
Services: OK
AdminShare: OK
StateMessages: OK
WUAHandler: Repaired(WUAHandler Log)
WMI: OK
RefreshComplianceState: 2019-07-03 17:37:49
ClientInstalled: 
Version: 0.8.1
Timestamp: 2019-07-03 17:37:48
HWInventory: 
SWMetering: 
BITS: 
PatchLevel: 3053
ClientInstalledReason: 

[2019-07-03 17:55:11] <--- ConfigMgr Client Health Check starting --->
Hostname: W16ASCCMDB01
Operatingsystem: Microsoft Windows Server 2016 Datacenter
Architecture: 64-Bit
Build: 14393.3053.amd64fre.rs1_release_inmarket.190612-1836
Model: VMware Virtual Platform
InstallDate: 2018-06-07 15:21:43
OSUpdates: 2019-06-23 19:25:16
LastLoggedOnUser: UTSHARE\sy1000829946
ClientVersion: 5.00.8790.1007
PSVersion: 5.1
PSBuild: 14393
Sitecode: DFW
Domain: utshare.local
MaxLogSize: 0
MaxLogHistory: 0
CacheSize: 10240
Certificate: 
ProvisioningMode: OK
DNS: Unknown
PendingReboot: OK
LastBootTime: 2019-07-03 11:49:59
OSDiskFreeSpace: 25.1
Services: Started
AdminShare: OK
StateMessages: OK
WUAHandler: Repaired(WUAHandler Log)
WMI: OK
RefreshComplianceState: 2019-07-03 17:37:49
ClientInstalled: 
Version: 0.8.1
Timestamp: 2019-07-03 17:54:56
HWInventory: 
SWMetering: 
BITS: 
PatchLevel: 3053
ClientInstalledReason: 

[2019-07-03 18:18:20] <--- ConfigMgr Client Health Check starting --->
Hostname: W16ASCCMDB01
Operatingsystem: Microsoft Windows Server 2016 Datacenter
Architecture: 64-Bit
Build: 14393.3053.amd64fre.rs1_release_inmarket.190612-1836
Model: VMware Virtual Platform
InstallDate: 2018-06-07 15:21:43
OSUpdates: 2019-06-23 19:25:16
LastLoggedOnUser: UTSHARE\sy1000829946
ClientVersion: 5.00.8790.1007
PSVersion: 5.1
PSBuild: 14393
Sitecode: DFW
Domain: utshare.local
MaxLogSize: 4096
MaxLogHistory: 1
CacheSize: 0
Certificate: 
ProvisioningMode: OK
DNS: OK
PendingReboot: OK
LastBootTime: 2019-07-03 11:49:59
OSDiskFreeSpace: 25.1
Services: Started
AdminShare: OK
StateMessages: OK
WUAHandler: Repaired(WUAHandler Log)
WMI: OK
RefreshComplianceState: 2019-07-03 17:37:49
ClientInstalled: 
Version: 0.8.1
Timestamp: 2019-07-03 18:18:02
HWInventory: 2019-07-03 08:07:14
SWMetering: OK
BITS: Remediated
PatchLevel: 3053
ClientInstalledReason: 

[2019-07-03 18:27:37] <--- ConfigMgr Client Health Check starting --->
Hostname: W16BSCCMDB01
Operatingsystem: Microsoft Windows Server 2016 Datacenter
Architecture: 64-Bit
Build: 14393.3053.amd64fre.rs1_release_inmarket.190612-1836
Model: VMware Virtual Platform
InstallDate: 2018-06-29 16:49:34
OSUpdates: 2019-06-23 19:25:19
LastLoggedOnUser: UTSHARE\sy1000829946
ClientVersion: 5.00.8790.1007
PSVersion: 5.1
PSBuild: 14393
Sitecode: AUS
Domain: utshare.local
MaxLogSize: 4096
MaxLogHistory: 1
CacheSize: 10240
Certificate: 
ProvisioningMode: OK
DNS: OK
PendingReboot: OK
LastBootTime: 2019-07-03 11:50:05
OSDiskFreeSpace: 32.28
Services: OK
AdminShare: OK
StateMessages: OK
WUAHandler: Repaired(WUAHandler Log)
WMI: OK
RefreshComplianceState: 2019-07-03 17:48:23
ClientInstalled: 
Version: 0.8.1
Timestamp: 2019-07-03 18:27:21
HWInventory: 2019-07-03 08:07:13
SWMetering: OK
BITS: OK
PatchLevel: 3053
ClientInstalledReason: 

